<?xml version="1.0" encoding="UTF-8"?>
<coverage generated="1614823330236" clover="3.2.0">
  <project timestamp="1614823330236" name="All files">
    <metrics statements="18" coveredstatements="18" conditionals="2" coveredconditionals="1" methods="9" coveredmethods="9" elements="29" coveredelements="28" complexity="0" loc="18" ncloc="18" packages="1" files="1" classes="1"/>
    <file name="Test1.tsx" path="/Users/sandeeprajbhar/Documents/MyProject/POC/SonarQualityTest/Test1.tsx">
      <metrics statements="18" coveredstatements="18" conditionals="2" coveredconditionals="1" methods="9" coveredmethods="9"/>
      <line num="39" count="7" type="stmt"/>
      <line num="40" count="7" type="stmt"/>
      <line num="49" count="7" type="stmt"/>
      <line num="51" count="1" type="stmt"/>
      <line num="53" count="1" type="stmt"/>
      <line num="58" count="7" type="stmt"/>
      <line num="60" count="1" type="stmt"/>
      <line num="61" count="1" type="stmt"/>
      <line num="66" count="7" type="stmt"/>
      <line num="67" count="1" type="stmt"/>
      <line num="70" count="7" type="stmt"/>
      <line num="71" count="1" type="stmt"/>
      <line num="74" count="7" type="stmt"/>
      <line num="75" count="1" type="stmt"/>
      <line num="78" count="7" type="stmt"/>
      <line num="79" count="1" type="stmt"/>
      <line num="87" count="9" type="stmt"/>
      <line num="153" count="1" type="stmt"/>
    </file>
  </project>
</coverage>
