{"/Users/sandeeprajbhar/Documents/MyProject/POC/SonarQualityTest/Test1.tsx": {"path":"/Users/sandeeprajbhar/Documents/MyProject/POC/SonarQualityTest/Test1.tsx","statementMap":{"0":{"start":{"line":39,"column":4},"end":{"line":39,"column":17}},"1":{"start":{"line":40,"column":4},"end":{"line":42,"column":6}},"2":{"start":{"line":49,"column":23},"end":{"line":56,"column":3}},"3":{"start":{"line":51,"column":4},"end":{"line":51,"column":57}},"4":{"start":{"line":53,"column":4},"end":{"line":55,"column":6}},"5":{"start":{"line":58,"column":24},"end":{"line":64,"column":3}},"6":{"start":{"line":60,"column":4},"end":{"line":60,"column":57}},"7":{"start":{"line":61,"column":4},"end":{"line":63,"column":6}},"8":{"start":{"line":66,"column":26},"end":{"line":68,"column":3}},"9":{"start":{"line":67,"column":4},"end":{"line":67,"column":17}},"10":{"start":{"line":70,"column":27},"end":{"line":72,"column":3}},"11":{"start":{"line":71,"column":4},"end":{"line":71,"column":17}},"12":{"start":{"line":74,"column":27},"end":{"line":76,"column":3}},"13":{"start":{"line":75,"column":4},"end":{"line":75,"column":17}},"14":{"start":{"line":78,"column":27},"end":{"line":80,"column":3}},"15":{"start":{"line":79,"column":4},"end":{"line":79,"column":17}},"16":{"start":{"line":87,"column":4},"end":{"line":149,"column":6}},"17":{"start":{"line":153,"column":15},"end":{"line":190,"column":2}}},"fnMap":{"0":{"name":"(anonymous_0)","decl":{"start":{"line":38,"column":2},"end":{"line":38,"column":3}},"loc":{"start":{"line":38,"column":35},"end":{"line":43,"column":3}},"line":38},"1":{"name":"(anonymous_1)","decl":{"start":{"line":45,"column":2},"end":{"line":45,"column":3}},"loc":{"start":{"line":45,"column":29},"end":{"line":47,"column":3}},"line":45},"2":{"name":"(anonymous_2)","decl":{"start":{"line":49,"column":23},"end":{"line":49,"column":24}},"loc":{"start":{"line":49,"column":29},"end":{"line":56,"column":3}},"line":49},"3":{"name":"(anonymous_3)","decl":{"start":{"line":58,"column":24},"end":{"line":58,"column":25}},"loc":{"start":{"line":58,"column":30},"end":{"line":64,"column":3}},"line":58},"4":{"name":"(anonymous_4)","decl":{"start":{"line":66,"column":26},"end":{"line":66,"column":27}},"loc":{"start":{"line":66,"column":46},"end":{"line":68,"column":3}},"line":66},"5":{"name":"(anonymous_5)","decl":{"start":{"line":70,"column":27},"end":{"line":70,"column":28}},"loc":{"start":{"line":70,"column":47},"end":{"line":72,"column":3}},"line":70},"6":{"name":"(anonymous_6)","decl":{"start":{"line":74,"column":27},"end":{"line":74,"column":28}},"loc":{"start":{"line":74,"column":47},"end":{"line":76,"column":3}},"line":74},"7":{"name":"(anonymous_7)","decl":{"start":{"line":78,"column":27},"end":{"line":78,"column":28}},"loc":{"start":{"line":78,"column":47},"end":{"line":80,"column":3}},"line":78},"8":{"name":"(anonymous_8)","decl":{"start":{"line":86,"column":2},"end":{"line":86,"column":3}},"loc":{"start":{"line":86,"column":18},"end":{"line":150,"column":3}},"line":86}},"branchMap":{"0":{"loc":{"start":{"line":95,"column":13},"end":{"line":99,"column":13}},"type":"cond-expr","locations":[{"start":{"line":95,"column":45},"end":{"line":95,"column":49}},{"start":{"line":96,"column":14},"end":{"line":98,"column":21}}],"line":95}},"s":{"0":7,"1":7,"2":7,"3":1,"4":1,"5":7,"6":1,"7":1,"8":7,"9":1,"10":7,"11":1,"12":7,"13":1,"14":7,"15":1,"16":9,"17":1},"f":{"0":7,"1":7,"2":1,"3":1,"4":1,"5":1,"6":1,"7":1,"8":9},"b":{"0":[9,0]},"_coverageSchema":"1a1c01bbd47fc00a2c39e90264f33305004495a9","hash":"8b48b3fb174fc1b437ee99d8fa82d309f0830313"}
}
