{"/Users/sandeeprajbhar/Documents/MyProject/POC/SonarQualityTest/Test1.tsx": {"path":"/Users/sandeeprajbhar/Documents/MyProject/POC/SonarQualityTest/Test1.tsx","statementMap":{"0":{"start":{"line":41,"column":4},"end":{"line":41,"column":17}},"1":{"start":{"line":42,"column":4},"end":{"line":44,"column":6}},"2":{"start":{"line":52,"column":23},"end":{"line":59,"column":3}},"3":{"start":{"line":54,"column":4},"end":{"line":54,"column":57}},"4":{"start":{"line":56,"column":4},"end":{"line":58,"column":6}},"5":{"start":{"line":61,"column":24},"end":{"line":67,"column":3}},"6":{"start":{"line":63,"column":4},"end":{"line":63,"column":57}},"7":{"start":{"line":64,"column":4},"end":{"line":66,"column":6}},"8":{"start":{"line":69,"column":26},"end":{"line":71,"column":3}},"9":{"start":{"line":70,"column":4},"end":{"line":70,"column":17}},"10":{"start":{"line":74,"column":27},"end":{"line":76,"column":3}},"11":{"start":{"line":75,"column":4},"end":{"line":75,"column":17}},"12":{"start":{"line":80,"column":4},"end":{"line":142,"column":6}},"13":{"start":{"line":146,"column":15},"end":{"line":183,"column":2}}},"fnMap":{"0":{"name":"(anonymous_0)","decl":{"start":{"line":40,"column":2},"end":{"line":40,"column":3}},"loc":{"start":{"line":40,"column":35},"end":{"line":45,"column":3}},"line":40},"1":{"name":"(anonymous_1)","decl":{"start":{"line":47,"column":2},"end":{"line":47,"column":3}},"loc":{"start":{"line":47,"column":29},"end":{"line":49,"column":3}},"line":47},"2":{"name":"(anonymous_2)","decl":{"start":{"line":52,"column":23},"end":{"line":52,"column":24}},"loc":{"start":{"line":52,"column":29},"end":{"line":59,"column":3}},"line":52},"3":{"name":"(anonymous_3)","decl":{"start":{"line":61,"column":24},"end":{"line":61,"column":25}},"loc":{"start":{"line":61,"column":30},"end":{"line":67,"column":3}},"line":61},"4":{"name":"(anonymous_4)","decl":{"start":{"line":69,"column":26},"end":{"line":69,"column":27}},"loc":{"start":{"line":69,"column":46},"end":{"line":71,"column":3}},"line":69},"5":{"name":"(anonymous_5)","decl":{"start":{"line":74,"column":27},"end":{"line":74,"column":28}},"loc":{"start":{"line":74,"column":47},"end":{"line":76,"column":3}},"line":74},"6":{"name":"(anonymous_6)","decl":{"start":{"line":79,"column":2},"end":{"line":79,"column":3}},"loc":{"start":{"line":79,"column":18},"end":{"line":143,"column":3}},"line":79}},"branchMap":{"0":{"loc":{"start":{"line":88,"column":13},"end":{"line":92,"column":13}},"type":"cond-expr","locations":[{"start":{"line":88,"column":45},"end":{"line":88,"column":49}},{"start":{"line":89,"column":14},"end":{"line":91,"column":21}}],"line":88}},"s":{"0":3,"1":3,"2":3,"3":0,"4":0,"5":3,"6":0,"7":0,"8":3,"9":1,"10":3,"11":1,"12":3,"13":1},"f":{"0":3,"1":3,"2":0,"3":0,"4":1,"5":1,"6":3},"b":{"0":[3,0]},"_coverageSchema":"1a1c01bbd47fc00a2c39e90264f33305004495a9","hash":"0d59f2d71a6712810967181130bb54ebfe66fd3a"}
}
