TN:
SF:Test1.tsx
FN:40,(anonymous_0)
FN:47,(anonymous_1)
FN:52,(anonymous_2)
FN:61,(anonymous_3)
FN:69,(anonymous_4)
FN:74,(anonymous_5)
FN:78,(anonymous_6)
FN:84,(anonymous_7)
FNF:8
FNH:8
FNDA:6,(anonymous_0)
FNDA:6,(anonymous_1)
FNDA:1,(anonymous_2)
FNDA:1,(anonymous_3)
FNDA:1,(anonymous_4)
FNDA:1,(anonymous_5)
FNDA:1,(anonymous_6)
FNDA:8,(anonymous_7)
DA:41,6
DA:42,6
DA:52,6
DA:54,1
DA:56,1
DA:61,6
DA:63,1
DA:64,1
DA:69,6
DA:70,1
DA:74,6
DA:75,1
DA:78,6
DA:79,1
DA:85,8
DA:151,1
LF:16
LH:16
BRDA:93,0,0,8
BRDA:93,0,1,0
BRF:2
BRH:1
end_of_record
