TN:
SF:Test1.tsx
FN:38,(anonymous_0)
FN:45,(anonymous_1)
FN:49,(anonymous_2)
FN:58,(anonymous_3)
FN:66,(anonymous_4)
FN:70,(anonymous_5)
FN:74,(anonymous_6)
FN:78,(anonymous_7)
FN:86,(anonymous_8)
FNF:9
FNH:9
FNDA:7,(anonymous_0)
FNDA:7,(anonymous_1)
FNDA:1,(anonymous_2)
FNDA:1,(anonymous_3)
FNDA:1,(anonymous_4)
FNDA:1,(anonymous_5)
FNDA:1,(anonymous_6)
FNDA:1,(anonymous_7)
FNDA:9,(anonymous_8)
DA:39,7
DA:40,7
DA:49,7
DA:51,1
DA:53,1
DA:58,7
DA:60,1
DA:61,1
DA:66,7
DA:67,1
DA:70,7
DA:71,1
DA:74,7
DA:75,1
DA:78,7
DA:79,1
DA:87,9
DA:153,1
LF:18
LH:18
BRDA:95,0,0,9
BRDA:95,0,1,0
BRF:2
BRH:1
end_of_record
